csdn_blog_client/build/outputs/logs/manifest-merger-debug-report.txt
-- Merging decision tree log ---
manifest
ADDED from AndroidManifest.xml:2:1
	package
		ADDED from AndroidManifest.xml:3:5
		INJECTED from AndroidManifest.xml:0:0
		INJECTED from AndroidManifest.xml:0:0
	android:versionName
		INJECTED from AndroidManifest.xml:0:0
		INJECTED from AndroidManifest.xml:0:0
	xmlns:android
		ADDED from AndroidManifest.xml:2:11
	android:versionCode
		INJECTED from AndroidManifest.xml:0:0
		INJECTED from AndroidManifest.xml:0:0
uses-permission#android.permission.INTERNET
ADDED from AndroidManifest.xml:5:5
	android:name
		ADDED from AndroidManifest.xml:5:22
application
ADDED from AndroidManifest.xml:6:5
MERGED from it.neokree:MaterialNavigationDrawer:1.3.3:14:5
MERGED from com.android.support:appcompat-v7:22.1.1:22:5
MERGED from com.android.support:support-v4:22.1.1:22:5
MERGED from com.balysv:material-ripple:1.0.1:12:5
MERGED from com.android.support:support-v4:22.1.1:22:5
MERGED from com.github.dexafree:materiallist:2.4.3:11:5
MERGED from com.android.support:cardview-v7:21.0.0:16:5
MERGED from com.android.support:recyclerview-v7:21.0.0:17:5
MERGED from com.android.support:support-v4:22.1.1:22:5
MERGED from com.android.support:appcompat-v7:22.1.1:22:5
MERGED from com.android.support:support-v4:22.1.1:22:5
MERGED from com.android.support:palette-v7:22.0.0:22:5
MERGED from com.android.support:support-v4:22.1.1:22:5
MERGED from com.github.traex.rippleeffect:library:1.2.4:12:5
MERGED from com.r0adkll:postoffice:1.1.9:9:5
MERGED from com.android.support:support-v4:22.1.1:22:5
MERGED from com.github.traex.rippleeffect:library:1.2.4:12:5
MERGED from com.github.kennyc1012:snackbar:1.1-SNAPSHOT:api11Release:11:5
MERGED from org.litepal.android:core:1.2.0:11:5
MERGED from com.github.castorflex.smoothprogressbar:library:1.1.0:12:5
MERGED from com.android.support:recyclerview-v7:21.0.0:17:5
MERGED from com.android.support:support-v4:22.1.1:22:5
MERGED from de.hdodenhof:circleimageview:1.2.2:9:5
MERGED from com.android.support:appcompat-v7:22.1.1:22:5
MERGED from com.android.support:support-v4:22.1.1:22:5
	android:label
		ADDED from AndroidManifest.xml:10:9
	android:allowBackup
		ADDED from AndroidManifest.xml:8:9
	android:icon
		ADDED from AndroidManifest.xml:9:9
	android:theme
		ADDED from AndroidManifest.xml:11:9
	android:name
		ADDED from AndroidManifest.xml:7:9
activity#xyz.mijack.csdn.blog.ui.MainActivity
ADDED from AndroidManifest.xml:12:9
	android:name
		ADDED from AndroidManifest.xml:12:19
intent-filter#android.intent.action.MAIN+android.intent.category.LAUNCHER
ADDED from AndroidManifest.xml:13:13
action#android.intent.action.MAIN
ADDED from AndroidManifest.xml:14:17
	android:name
		ADDED from AndroidManifest.xml:14:25
category#android.intent.category.LAUNCHER
ADDED from AndroidManifest.xml:16:17
	android:name
		ADDED from AndroidManifest.xml:16:27
activity#xyz.mijack.csdn.blog.ui.SettingActivity
ADDED from AndroidManifest.xml:19:9
	android:label
		ADDED from AndroidManifest.xml:21:13
	android:parentActivityName
		ADDED from AndroidManifest.xml:22:13
	android:name
		ADDED from AndroidManifest.xml:20:13
meta-data#android.support.PARENT_ACTIVITY
ADDED from AndroidManifest.xml:23:13
	android:value
		ADDED from AndroidManifest.xml:25:17
	android:name
		ADDED from AndroidManifest.xml:24:17
activity#xyz.mijack.csdn.blog.ui.AboutActivity
ADDED from AndroidManifest.xml:27:9
	android:label
		ADDED from AndroidManifest.xml:29:13
	android:launchMode
		ADDED from AndroidManifest.xml:30:13
	android:name
		ADDED from AndroidManifest.xml:28:13
activity#xyz.mijack.csdn.blog.ui.BlogActivity
ADDED from AndroidManifest.xml:31:9
	android:uiOptions
		ADDED from AndroidManifest.xml:33:13
	android:name
		ADDED from AndroidManifest.xml:32:13
uses-sdk
INJECTED from AndroidManifest.xml:0:0 reason: use-sdk injection requested
MERGED from it.neokree:MaterialNavigationDrawer:1.3.3:8:5
MERGED from com.android.support:appcompat-v7:22.1.1:20:5
MERGED from com.android.support:support-v4:22.1.1:20:5
MERGED from com.balysv:material-ripple:1.0.1:8:5
MERGED from com.android.support:support-v4:22.1.1:20:5
MERGED from com.github.dexafree:materiallist:2.4.3:7:5
MERGED from com.android.support:cardview-v7:21.0.0:15:5
MERGED from com.android.support:recyclerview-v7:21.0.0:15:5
MERGED from com.android.support:support-v4:22.1.1:20:5
MERGED from com.android.support:appcompat-v7:22.1.1:20:5
MERGED from com.android.support:support-v4:22.1.1:20:5
MERGED from com.android.support:palette-v7:22.0.0:20:5
MERGED from com.android.support:support-v4:22.1.1:20:5
MERGED from com.github.traex.rippleeffect:library:1.2.4:8:5
MERGED from com.r0adkll:postoffice:1.1.9:5:5
MERGED from co.52inc:fontloader:1.0.1:7:5
MERGED from com.android.support:support-v4:22.1.1:20:5
MERGED from com.github.traex.rippleeffect:library:1.2.4:8:5
MERGED from com.github.kennyc1012:snackbar:1.1-SNAPSHOT:api11Release:7:5
MERGED from org.litepal.android:core:1.2.0:7:5
MERGED from com.github.castorflex.smoothprogressbar:library:1.1.0:8:5
MERGED from com.github.wangjiegulu:AndroidBucket:1.0.1:7:5
MERGED from com.github.ksoichiro:android-observablescrollview:1.5.0:21:5
MERGED from com.android.support:recyclerview-v7:21.0.0:15:5
MERGED from com.android.support:support-v4:22.1.1:20:5
MERGED from de.hdodenhof:circleimageview:1.2.2:5:5
MERGED from com.android.support:appcompat-v7:22.1.1:20:5
MERGED from com.android.support:support-v4:22.1.1:20:5
	tools:overrideLibrary
		ADDED from it.neokree:MaterialNavigationDrawer:1.3.3:11:9
	android:targetSdkVersion
		INJECTED from AndroidManifest.xml:0:0
		INJECTED from AndroidManifest.xml:0:0
	android:minSdkVersion
		INJECTED from AndroidManifest.xml:0:0
		INJECTED from AndroidManifest.xml:0:0
activity#android.support.v7.widget.TestActivity
ADDED from com.android.support:recyclerview-v7:21.0.0:18:9
MERGED from com.android.support:recyclerview-v7:21.0.0:18:9
	android:label
		ADDED from com.android.support:recyclerview-v7:21.0.0:18:19
	android:name
		ADDED from com.android.support:recyclerview-v7:21.0.0:18:60